<?xml version="1.0" encoding="UTF-8"?>
<testng-results skipped="0" failed="1" ignored="0" total="5" passed="4">
  <reporter-output>
    <line>
      <![CDATA[Test method is faiuled.......]]>
    </line>
  </reporter-output>
  <suite name="Default suite" duration-ms="10207" started-at="2019-11-22T09:27:22 IST" finished-at="2019-11-22T09:27:32 IST">
    <groups>
    </groups>
    <test name="Default test" duration-ms="10207" started-at="2019-11-22T09:27:22 IST" finished-at="2019-11-22T09:27:32 IST">
      <class name="Reports.ReportsDemo">
        <test-method status="PASS" signature="reportsExp()[pri:0, instance:Reports.ReportsDemo@68bbe345]" name="reportsExp" is-config="true" duration-ms="125" started-at="2019-11-22T09:27:22 IST" finished-at="2019-11-22T09:27:22 IST">
          <reporter-output>
          </reporter-output>
        </test-method> <!-- reportsExp -->
        <test-method status="PASS" signature="DemoA()[pri:0, instance:Reports.ReportsDemo@68bbe345]" name="DemoA" duration-ms="9770" started-at="2019-11-22T09:27:22 IST" finished-at="2019-11-22T09:27:32 IST">
          <reporter-output>
            <line>
              <![CDATA[Test method is faiuled.......]]>
            </line>
          </reporter-output>
        </test-method> <!-- DemoA -->
        <test-method status="FAIL" signature="DemoC()[pri:0, instance:Reports.ReportsDemo@68bbe345]" name="DemoC" duration-ms="16" started-at="2019-11-22T09:27:32 IST" finished-at="2019-11-22T09:27:32 IST">
          <exception class="java.lang.AssertionError">
            <message>
              <![CDATA[null]]>
            </message>
            <full-stacktrace>
              <![CDATA[java.lang.AssertionError: null
at org.testng.Assert.fail(Assert.java:97)
at org.testng.Assert.fail(Assert.java:102)
at Reports.ReportsDemo.DemoC(ReportsDemo.java:81)
at sun.reflect.NativeMethodAccessorImpl.invoke0(Native Method)
at sun.reflect.NativeMethodAccessorImpl.invoke(NativeMethodAccessorImpl.java:62)
at sun.reflect.DelegatingMethodAccessorImpl.invoke(DelegatingMethodAccessorImpl.java:43)
at java.lang.reflect.Method.invoke(Method.java:498)
at org.testng.internal.MethodInvocationHelper.invokeMethod(MethodInvocationHelper.java:133)
at org.testng.internal.TestInvoker.invokeMethod(TestInvoker.java:584)
at org.testng.internal.TestInvoker.invokeTestMethod(TestInvoker.java:172)
at org.testng.internal.MethodRunner.runInSequence(MethodRunner.java:46)
at org.testng.internal.TestInvoker$MethodInvocationAgent.invoke(TestInvoker.java:804)
at org.testng.internal.TestInvoker.invokeTestMethods(TestInvoker.java:145)
at org.testng.internal.TestMethodWorker.invokeTestMethods(TestMethodWorker.java:146)
at org.testng.internal.TestMethodWorker.run(TestMethodWorker.java:128)
at java.util.ArrayList.forEach(ArrayList.java:1257)
at org.testng.TestRunner.privateRun(TestRunner.java:770)
at org.testng.TestRunner.run(TestRunner.java:591)
at org.testng.SuiteRunner.runTest(SuiteRunner.java:402)
at org.testng.SuiteRunner.runSequentially(SuiteRunner.java:396)
at org.testng.SuiteRunner.privateRun(SuiteRunner.java:355)
at org.testng.SuiteRunner.run(SuiteRunner.java:304)
at org.testng.SuiteRunnerWorker.runSuite(SuiteRunnerWorker.java:53)
at org.testng.SuiteRunnerWorker.run(SuiteRunnerWorker.java:96)
at org.testng.TestNG.runSuitesSequentially(TestNG.java:1180)
at org.testng.TestNG.runSuitesLocally(TestNG.java:1102)
at org.testng.TestNG.runSuites(TestNG.java:1032)
at org.testng.TestNG.run(TestNG.java:1000)
at org.testng.remote.AbstractRemoteTestNG.run(AbstractRemoteTestNG.java:115)
at org.testng.remote.RemoteTestNG.initAndRun(RemoteTestNG.java:251)
at org.testng.remote.RemoteTestNG.main(RemoteTestNG.java:77)
]]>
            </full-stacktrace>
          </exception> <!-- java.lang.AssertionError -->
          <reporter-output>
          </reporter-output>
        </test-method> <!-- DemoC -->
        <test-method status="PASS" signature="DemoD()[pri:0, instance:Reports.ReportsDemo@68bbe345]" name="DemoD" duration-ms="0" started-at="2019-11-22T09:27:32 IST" finished-at="2019-11-22T09:27:32 IST">
          <reporter-output>
          </reporter-output>
        </test-method> <!-- DemoD -->
        <test-method status="PASS" signature="DemoE()[pri:0, instance:Reports.ReportsDemo@68bbe345]" name="DemoE" duration-ms="15" started-at="2019-11-22T09:27:32 IST" finished-at="2019-11-22T09:27:32 IST">
          <reporter-output>
          </reporter-output>
        </test-method> <!-- DemoE -->
        <test-method status="PASS" signature="DemoB()[pri:0, instance:Reports.ReportsDemo@68bbe345]" name="DemoB" duration-ms="0" started-at="2019-11-22T09:27:32 IST" depends-on-methods="Reports.ReportsDemo.DemoA" finished-at="2019-11-22T09:27:32 IST">
          <reporter-output>
          </reporter-output>
        </test-method> <!-- DemoB -->
        <test-method status="PASS" signature="endTest()[pri:0, instance:Reports.ReportsDemo@68bbe345]" name="endTest" is-config="true" duration-ms="234" started-at="2019-11-22T09:27:32 IST" finished-at="2019-11-22T09:27:32 IST">
          <reporter-output>
          </reporter-output>
        </test-method> <!-- endTest -->
      </class> <!-- Reports.ReportsDemo -->
    </test> <!-- Default test -->
  </suite> <!-- Default suite -->
</testng-results>
